# JRE version: Java(TM) SE Runtime Environment (8.0_66-b18) (build 1.8.0_66-b18)
# Java VM: Java HotSpot(TM) 64-Bit Server VM (25.66-b18 mixed mode windows-amd64 compressed oops)
Heap:
 PSYoungGen      total 209408K, used 17660K [0x00000000eab00000, 0x00000000f9400000, 0x0000000100000000)
  eden space 188416K, 9% used [0x00000000eab00000,0x00000000ebc3f380,0x00000000f6300000)
  from space 20992K, 0% used [0x00000000f6880000,0x00000000f6880000,0x00000000f7d00000)
  to   space 23552K, 0% used [0x00000000f7d00000,0x00000000f7d00000,0x00000000f9400000)
 ParOldGen       total 191488K, used 38037K [0x00000000c0000000, 0x00000000cbb00000, 0x00000000eab00000)
  object space 191488K, 19% used [0x00000000c0000000,0x00000000c2525500,0x00000000cbb00000)
 Metaspace       used 42806K, capacity 44478K, committed 44544K, reserved 1087488K
  class space    used 5948K, capacity 6367K, committed 6400K, reserved 1048576K
GC Heap History (10 events):
Event: 7.311 GC heap before
{Heap before GC invocations=8 (full 1):
 PSYoungGen      total 147968K, used 61836K [0x00000000eab00000, 0x00000000f4d00000, 0x0000000100000000)
  eden space 135168K, 37% used [0x00000000eab00000,0x00000000edcc6bb0,0x00000000f2f00000)
  from space 12800K, 84% used [0x00000000f4080000,0x00000000f4b1c4d8,0x00000000f4d00000)
  to   space 15360K, 0% used [0x00000000f2f00000,0x00000000f2f00000,0x00000000f3e00000)
 ParOldGen       total 118784K, used 11147K [0x00000000c0000000, 0x00000000c7400000, 0x00000000eab00000)
  object space 118784K, 9% used [0x00000000c0000000,0x00000000c0ae2d90,0x00000000c7400000)
 Metaspace       used 34541K, capacity 35276K, committed 35456K, reserved 1079296K
  class space    used 4650K, capacity 4891K, committed 4992K, reserved 1048576K
Event: 7.327 GC heap after
Heap after GC invocations=8 (full 1):
 PSYoungGen      total 150528K, used 14070K [0x00000000eab00000, 0x00000000f9180000, 0x0000000100000000)
  eden space 135168K, 0% used [0x00000000eab00000,0x00000000eab00000,0x00000000f2f00000)
  from space 15360K, 91% used [0x00000000f2f00000,0x00000000f3cbd8e0,0x00000000f3e00000)
  to   space 17920K, 0% used [0x00000000f8000000,0x00000000f8000000,0x00000000f9180000)
 ParOldGen       total 118784K, used 11219K [0x00000000c0000000, 0x00000000c7400000, 0x00000000eab00000)
  object space 118784K, 9% used [0x00000000c0000000,0x00000000c0af4da0,0x00000000c7400000)
 Metaspace       used 34541K, capacity 35276K, committed 35456K, reserved 1079296K
  class space    used 4650K, capacity 4891K, committed 4992K, reserved 1048576K
}
Event: 7.327 GC heap before
{Heap before GC invocations=9 (full 2):
 PSYoungGen      total 150528K, used 14070K [0x00000000eab00000, 0x00000000f9180000, 0x0000000100000000)
  eden space 135168K, 0% used [0x00000000eab00000,0x00000000eab00000,0x00000000f2f00000)
  from space 15360K, 91% used [0x00000000f2f00000,0x00000000f3cbd8e0,0x00000000f3e00000)
  to   space 17920K, 0% used [0x00000000f8000000,0x00000000f8000000,0x00000000f9180000)
 ParOldGen       total 118784K, used 11219K [0x00000000c0000000, 0x00000000c7400000, 0x00000000eab00000)
  object space 118784K, 9% used [0x00000000c0000000,0x00000000c0af4da0,0x00000000c7400000)
 Metaspace       used 34541K, capacity 35276K, committed 35456K, reserved 1079296K
  class space    used 4650K, capacity 4891K, committed 4992K, reserved 1048576K
Event: 7.442 GC heap after
Heap after GC invocations=9 (full 2):
 PSYoungGen      total 150528K, used 0K [0x00000000eab00000, 0x00000000f9180000, 0x0000000100000000)
  eden space 135168K, 0% used [0x00000000eab00000,0x00000000eab00000,0x00000000f2f00000)
  from space 15360K, 0% used [0x00000000f2f00000,0x00000000f2f00000,0x00000000f3e00000)
  to   space 17920K, 0% used [0x00000000f8000000,0x00000000f8000000,0x00000000f9180000)
 ParOldGen       total 191488K, used 20127K [0x00000000c0000000, 0x00000000cbb00000, 0x00000000eab00000)
  object space 191488K, 10% used [0x00000000c0000000,0x00000000c13a7c98,0x00000000cbb00000)
 Metaspace       used 34522K, capacity 35254K, committed 35456K, reserved 1079296K
  class space    used 4644K, capacity 4885K, committed 4992K, reserved 1048576K
}
Event: 8.780 GC heap before
{Heap before GC invocations=10 (full 2):
 PSYoungGen      total 150528K, used 135168K [0x00000000eab00000, 0x00000000f9180000, 0x0000000100000000)
  eden space 135168K, 100% used [0x00000000eab00000,0x00000000f2f00000,0x00000000f2f00000)
  from space 15360K, 0% used [0x00000000f2f00000,0x00000000f2f00000,0x00000000f3e00000)
  to   space 17920K, 0% used [0x00000000f8000000,0x00000000f8000000,0x00000000f9180000)
 ParOldGen       total 191488K, used 20127K [0x00000000c0000000, 0x00000000cbb00000, 0x00000000eab00000)
  object space 191488K, 10% used [0x00000000c0000000,0x00000000c13a7c98,0x00000000cbb00000)
 Metaspace       used 39898K, capacity 40860K, committed 41088K, reserved 1085440K
  class space    used 5478K, capacity 5723K, committed 5760K, reserved 1048576K
Event: 8.799 GC heap after
Heap after GC invocations=10 (full 2):
 PSYoungGen      total 206336K, used 17602K [0x00000000eab00000, 0x00000000f9180000, 0x0000000100000000)
  eden space 188416K, 0% used [0x00000000eab00000,0x00000000eab00000,0x00000000f6300000)
  from space 17920K, 98% used [0x00000000f8000000,0x00000000f9130800,0x00000000f9180000)
  to   space 20992K, 0% used [0x00000000f6880000,0x00000000f6880000,0x00000000f7d00000)
 ParOldGen       total 191488K, used 20135K [0x00000000c0000000, 0x00000000cbb00000, 0x00000000eab00000)
  object space 191488K, 10% used [0x00000000c0000000,0x00000000c13a9c98,0x00000000cbb00000)
 Metaspace       used 39898K, capacity 40860K, committed 41088K, reserved 1085440K
  class space    used 5478K, capacity 5723K, committed 5760K, reserved 1048576K
}
Event: 9.501 GC heap before
{Heap before GC invocations=11 (full 2):
 PSYoungGen      total 206336K, used 98592K [0x00000000eab00000, 0x00000000f9180000, 0x0000000100000000)
  eden space 188416K, 42% used [0x00000000eab00000,0x00000000efa17868,0x00000000f6300000)
  from space 17920K, 98% used [0x00000000f8000000,0x00000000f9130800,0x00000000f9180000)
  to   space 20992K, 0% used [0x00000000f6880000,0x00000000f6880000,0x00000000f7d00000)
 ParOldGen       total 191488K, used 20135K [0x00000000c0000000, 0x00000000cbb00000, 0x00000000eab00000)
  object space 191488K, 10% used [0x00000000c0000000,0x00000000c13a9c98,0x00000000cbb00000)
 Metaspace       used 42501K, capacity 44058K, committed 44288K, reserved 1087488K
  class space    used 5916K, capacity 6307K, committed 6400K, reserved 1048576K
Event: 9.521 GC heap after
Heap after GC invocations=11 (full 2):
 PSYoungGen      total 209408K, used 20970K [0x00000000eab00000, 0x00000000f9400000, 0x0000000100000000)
  eden space 188416K, 0% used [0x00000000eab00000,0x00000000eab00000,0x00000000f6300000)
  from space 20992K, 99% used [0x00000000f6880000,0x00000000f7cfab38,0x00000000f7d00000)
  to   space 23552K, 0% used [0x00000000f7d00000,0x00000000f7d00000,0x00000000f9400000)
 ParOldGen       total 191488K, used 21221K [0x00000000c0000000, 0x00000000cbb00000, 0x00000000eab00000)
  object space 191488K, 11% used [0x00000000c0000000,0x00000000c14b9788,0x00000000cbb00000)
 Metaspace       used 42501K, capacity 44058K, committed 44288K, reserved 1087488K
  class space    used 5916K, capacity 6307K, committed 6400K, reserved 1048576K
}
Event: 9.521 GC heap before
{Heap before GC invocations=12 (full 3):
 PSYoungGen      total 209408K, used 20970K [0x00000000eab00000, 0x00000000f9400000, 0x0000000100000000)
  eden space 188416K, 0% used [0x00000000eab00000,0x00000000eab00000,0x00000000f6300000)
  from space 20992K, 99% used [0x00000000f6880000,0x00000000f7cfab38,0x00000000f7d00000)
  to   space 23552K, 0% used [0x00000000f7d00000,0x00000000f7d00000,0x00000000f9400000)
 ParOldGen       total 191488K, used 21221K [0x00000000c0000000, 0x00000000cbb00000, 0x00000000eab00000)
  object space 191488K, 11% used [0x00000000c0000000,0x00000000c14b9788,0x00000000cbb00000)
 Metaspace       used 42501K, capacity 44058K, committed 44288K, reserved 1087488K
  class space    used 5916K, capacity 6307K, committed 6400K, reserved 1048576K
Event: 9.774 GC heap after
Heap after GC invocations=12 (full 3):
 PSYoungGen      total 209408K, used 0K [0x00000000eab00000, 0x00000000f9400000, 0x0000000100000000)
  eden space 188416K, 0% used [0x00000000eab00000,0x00000000eab00000,0x00000000f6300000)
  from space 20992K, 0% used [0x00000000f6880000,0x00000000f6880000,0x00000000f7d00000)
  to   space 23552K, 0% used [0x00000000f7d00000,0x00000000f7d00000,0x00000000f9400000)
 ParOldGen       total 191488K, used 38037K [0x00000000c0000000, 0x00000000cbb00000, 0x00000000eab00000)
  object space 191488K, 19% used [0x00000000c0000000,0x00000000c2525500,0x00000000cbb00000)
 Metaspace       used 42501K, capacity 44058K, committed 44288K, reserved 1087488K
  class space    used 5916K, capacity 6307K, committed 6400K, reserved 1048576K
}

