# JRE version: Java(TM) SE Runtime Environment (8.0_66-b18) (build 1.8.0_66-b18)
# Java VM: Java HotSpot(TM) 64-Bit Server VM (25.66-b18 mixed mode windows-amd64 compressed oops)
Heap:
 PSYoungGen      total 76288K, used 56384K [0x00000000eab00000, 0x00000000f0000000, 0x0000000100000000)
  eden space 65536K, 86% used [0x00000000eab00000,0x00000000ee2101c8,0x00000000eeb00000)
  from space 10752K, 0% used [0x00000000ef580000,0x00000000ef580000,0x00000000f0000000)
  to   space 10752K, 0% used [0x00000000eeb00000,0x00000000eeb00000,0x00000000ef580000)
 ParOldGen       total 116224K, used 11147K [0x00000000c0000000, 0x00000000c7180000, 0x00000000eab00000)
  object space 116224K, 9% used [0x00000000c0000000,0x00000000c0ae2cf0,0x00000000c7180000)
 Metaspace       used 20931K, capacity 21316K, committed 21632K, reserved 1069056K
  class space    used 2753K, capacity 2884K, committed 2944K, reserved 1048576K
GC Heap History (6 events):
Event: 2.044 GC heap before
{Heap before GC invocations=1 (full 0):
 PSYoungGen      total 76288K, used 65536K [0x00000000eab00000, 0x00000000f0000000, 0x0000000100000000)
  eden space 65536K, 100% used [0x00000000eab00000,0x00000000eeb00000,0x00000000eeb00000)
  from space 10752K, 0% used [0x00000000ef580000,0x00000000ef580000,0x00000000f0000000)
  to   space 10752K, 0% used [0x00000000eeb00000,0x00000000eeb00000,0x00000000ef580000)
 ParOldGen       total 175104K, used 0K [0x00000000c0000000, 0x00000000cab00000, 0x00000000eab00000)
  object space 175104K, 0% used [0x00000000c0000000,0x00000000c0000000,0x00000000cab00000)
 Metaspace       used 12165K, capacity 12508K, committed 12672K, reserved 1060864K
  class space    used 1666K, capacity 1810K, committed 1920K, reserved 1048576K
Event: 2.058 GC heap after
Heap after GC invocations=1 (full 0):
 PSYoungGen      total 76288K, used 8378K [0x00000000eab00000, 0x00000000f0000000, 0x0000000100000000)
  eden space 65536K, 0% used [0x00000000eab00000,0x00000000eab00000,0x00000000eeb00000)
  from space 10752K, 77% used [0x00000000eeb00000,0x00000000ef32ebf8,0x00000000ef580000)
  to   space 10752K, 0% used [0x00000000ef580000,0x00000000ef580000,0x00000000f0000000)
 ParOldGen       total 175104K, used 16K [0x00000000c0000000, 0x00000000cab00000, 0x00000000eab00000)
  object space 175104K, 0% used [0x00000000c0000000,0x00000000c0004000,0x00000000cab00000)
 Metaspace       used 12165K, capacity 12508K, committed 12672K, reserved 1060864K
  class space    used 1666K, capacity 1810K, committed 1920K, reserved 1048576K
}
Event: 3.498 GC heap before
{Heap before GC invocations=2 (full 0):
 PSYoungGen      total 76288K, used 58669K [0x00000000eab00000, 0x00000000f0000000, 0x0000000100000000)
  eden space 65536K, 76% used [0x00000000eab00000,0x00000000edc1c808,0x00000000eeb00000)
  from space 10752K, 77% used [0x00000000eeb00000,0x00000000ef32ebf8,0x00000000ef580000)
  to   space 10752K, 0% used [0x00000000ef580000,0x00000000ef580000,0x00000000f0000000)
 ParOldGen       total 175104K, used 16K [0x00000000c0000000, 0x00000000cab00000, 0x00000000eab00000)
  object space 175104K, 0% used [0x00000000c0000000,0x00000000c0004000,0x00000000cab00000)
 Metaspace       used 20733K, capacity 21092K, committed 21296K, reserved 1067008K
  class space    used 2736K, capacity 2852K, committed 2944K, reserved 1048576K
Event: 3.514 GC heap after
Heap after GC invocations=2 (full 0):
 PSYoungGen      total 76288K, used 10736K [0x00000000eab00000, 0x00000000f0000000, 0x0000000100000000)
  eden space 65536K, 0% used [0x00000000eab00000,0x00000000eab00000,0x00000000eeb00000)
  from space 10752K, 99% used [0x00000000ef580000,0x00000000efffc158,0x00000000f0000000)
  to   space 10752K, 0% used [0x00000000eeb00000,0x00000000eeb00000,0x00000000ef580000)
 ParOldGen       total 175104K, used 885K [0x00000000c0000000, 0x00000000cab00000, 0x00000000eab00000)
  object space 175104K, 0% used [0x00000000c0000000,0x00000000c00dd750,0x00000000cab00000)
 Metaspace       used 20733K, capacity 21092K, committed 21296K, reserved 1067008K
  class space    used 2736K, capacity 2852K, committed 2944K, reserved 1048576K
}
Event: 3.514 GC heap before
{Heap before GC invocations=3 (full 1):
 PSYoungGen      total 76288K, used 10736K [0x00000000eab00000, 0x00000000f0000000, 0x0000000100000000)
  eden space 65536K, 0% used [0x00000000eab00000,0x00000000eab00000,0x00000000eeb00000)
  from space 10752K, 99% used [0x00000000ef580000,0x00000000efffc158,0x00000000f0000000)
  to   space 10752K, 0% used [0x00000000eeb00000,0x00000000eeb00000,0x00000000ef580000)
 ParOldGen       total 175104K, used 885K [0x00000000c0000000, 0x00000000cab00000, 0x00000000eab00000)
  object space 175104K, 0% used [0x00000000c0000000,0x00000000c00dd750,0x00000000cab00000)
 Metaspace       used 20733K, capacity 21092K, committed 21296K, reserved 1067008K
  class space    used 2736K, capacity 2852K, committed 2944K, reserved 1048576K
Event: 3.558 GC heap after
Heap after GC invocations=3 (full 1):
 PSYoungGen      total 76288K, used 0K [0x00000000eab00000, 0x00000000f0000000, 0x0000000100000000)
  eden space 65536K, 0% used [0x00000000eab00000,0x00000000eab00000,0x00000000eeb00000)
  from space 10752K, 0% used [0x00000000ef580000,0x00000000ef580000,0x00000000f0000000)
  to   space 10752K, 0% used [0x00000000eeb00000,0x00000000eeb00000,0x00000000ef580000)
 ParOldGen       total 116224K, used 11147K [0x00000000c0000000, 0x00000000c7180000, 0x00000000eab00000)
  object space 116224K, 9% used [0x00000000c0000000,0x00000000c0ae2cf0,0x00000000c7180000)
 Metaspace       used 20733K, capacity 21092K, committed 21296K, reserved 1067008K
  class space    used 2736K, capacity 2852K, committed 2944K, reserved 1048576K
}

